<?xml version="1.0" encoding="UTF-8"?>
<testsuite name="UnitTest" tests="1" skipped="0" failures="0" errors="0" timestamp="2015-08-19T18:18:41" hostname="epicodus-104.local" time="0.0">
  <properties/>
  <testcase name="newId_deletesCDById_secondCD" classname="UnitTest" time="0.0"/>
  <system-out><![CDATA[The Beatles

]]></system-out>
  <system-err><![CDATA[]]></system-err>
</testsuite>
