<?xml version="1.0" encoding="UTF-8"?>
<testsuite name="UnitTest" tests="4" skipped="0" failures="0" errors="0" timestamp="2015-08-19T16:33:34" hostname="epicodus-104.local" time="0.002">
  <properties/>
  <testcase name="CD_getsCorrectArtist" classname="UnitTest" time="0.0"/>
  <testcase name="CD_instantiatesCorrectly" classname="UnitTest" time="0.0"/>
  <testcase name="CD_getsCorrectGenre" classname="UnitTest" time="0.0"/>
  <testcase name="CD_getsCorrectTitle" classname="UnitTest" time="0.0"/>
  <system-out><![CDATA[]]></system-out>
  <system-err><![CDATA[]]></system-err>
</testsuite>
